<?xml version="1.0" encoding="UTF-8"?>
<testsuite xmlns:xsi="http://www.w3.org/2001/XMLSchema-instance" xsi:noNamespaceSchemaLocation="https://maven.apache.org/surefire/maven-surefire-plugin/xsd/surefire-test-report-3.0.xsd" version="3.0" name="ua.lviv.iot.Lab5Test" time="0.196" tests="5" errors="0" skipped="0" failures="0">
  <properties>
[...]
</properties>
  <testcase name="testRemoveExclamatorySentencesWithNotEnoughWords" classname="ua.lviv.iot.Lab5Test" time="0.119"/>
  <testcase name="testRemoveExclamatorySentencesWithNoExclamations" classname="ua.lviv.iot.Lab5Test" time="0.007"/>
  <testcase name="testRemoveExclamatorySentences" classname="ua.lviv.iot.Lab5Test" time="0.003"/>
  <testcase name="testRemoveExclamatorySentencesWithNullInput" classname="ua.lviv.iot.Lab5Test" time="0.005"/>
  <testcase name="testRemoveExclamatorySentencesWithEmptyInput" classname="ua.lviv.iot.Lab5Test" time="0.005"/>
</testsuite>